<component name="libraryTable">
  <library name="junit:junit:4.2" type="repository">
    <properties maven-id="junit:junit:4.2" />
    <CLASSES>
      <root url="jar://$MAVEN_REPOSITORY$/junit/junit/4.2/junit-4.2.jar!/" />
<<<<<<< HEAD
=======
      <root url="jar://$MAVEN_REPOSITORY$/junit/junit/4.2/junit-4.2.jar!/" />
>>>>>>> 2a7a6843cd0de1c3542a6d2355da785d9500830b
    </CLASSES>
    <JAVADOC />
    <SOURCES />
  </library>
</component>